# JRE version: OpenJDK Runtime Environment (11.0.8+10) (build 11.0.8+10-b944.6842174)
# Java VM: OpenJDK 64-Bit Server VM (11.0.8+10-b944.6842174, mixed mode, tiered, compressed oops, g1 gc, windows-amd64)
Heap:
 garbage-first heap   total 481280K, used 192082K [0x0000000080000000, 0x0000000100000000)
  region size 1024K, 14 young (14336K), 1 survivors (1024K)
 Metaspace       used 130625K, capacity 134228K, committed 134348K, reserved 1167360K
  class space    used 16068K, capacity 17304K, committed 17408K, reserved 1048576K
GC Heap History (20 events):
Event: 1750.804 GC heap before
{Heap before GC invocations=72 (full 0):
 garbage-first heap   total 481280K, used 282388K [0x0000000080000000, 0x0000000100000000)
  region size 1024K, 53 young (54272K), 4 survivors (4096K)
 Metaspace       used 130174K, capacity 133676K, committed 133708K, reserved 1165312K
  class space    used 16044K, capacity 17260K, committed 17280K, reserved 1048576K
}
Event: 1750.813 GC heap after
{Heap after GC invocations=73 (full 0):
 garbage-first heap   total 481280K, used 226110K [0x0000000080000000, 0x0000000100000000)
  region size 1024K, 5 young (5120K), 5 survivors (5120K)
 Metaspace       used 130174K, capacity 133676K, committed 133708K, reserved 1165312K
  class space    used 16044K, capacity 17260K, committed 17280K, reserved 1048576K
}
Event: 1751.164 GC heap before
{Heap before GC invocations=73 (full 0):
 garbage-first heap   total 481280K, used 243518K [0x0000000080000000, 0x0000000100000000)
  region size 1024K, 23 young (23552K), 5 survivors (5120K)
 Metaspace       used 130226K, capacity 133758K, committed 133964K, reserved 1165312K
  class space    used 16047K, capacity 17265K, committed 17280K, reserved 1048576K
}
Event: 1751.179 GC heap after
{Heap after GC invocations=74 (full 0):
 garbage-first heap   total 481280K, used 179101K [0x0000000080000000, 0x0000000100000000)
  region size 1024K, 1 young (1024K), 1 survivors (1024K)
 Metaspace       used 130226K, capacity 133758K, committed 133964K, reserved 1165312K
  class space    used 16047K, capacity 17265K, committed 17280K, reserved 1048576K
}
Event: 1753.234 GC heap before
{Heap before GC invocations=74 (full 0):
 garbage-first heap   total 481280K, used 202653K [0x0000000080000000, 0x0000000100000000)
  region size 1024K, 23 young (23552K), 1 survivors (1024K)
 Metaspace       used 130304K, capacity 133862K, committed 133964K, reserved 1165312K
  class space    used 16053K, capacity 17276K, committed 17280K, reserved 1048576K
}
Event: 1753.312 GC heap after
{Heap after GC invocations=75 (full 0):
 garbage-first heap   total 481280K, used 149690K [0x0000000080000000, 0x0000000100000000)
  region size 1024K, 3 young (3072K), 3 survivors (3072K)
 Metaspace       used 130304K, capacity 133862K, committed 133964K, reserved 1165312K
  class space    used 16053K, capacity 17276K, committed 17280K, reserved 1048576K
}
Event: 1759.480 GC heap before
{Heap before GC invocations=75 (full 0):
 garbage-first heap   total 481280K, used 204986K [0x0000000080000000, 0x0000000100000000)
  region size 1024K, 58 young (59392K), 3 survivors (3072K)
 Metaspace       used 130444K, capacity 134068K, committed 134220K, reserved 1167360K
  class space    used 16054K, capacity 17279K, committed 17280K, reserved 1048576K
}
Event: 1759.488 GC heap after
{Heap after GC invocations=76 (full 0):
 garbage-first heap   total 481280K, used 150288K [0x0000000080000000, 0x0000000100000000)
  region size 1024K, 4 young (4096K), 4 survivors (4096K)
 Metaspace       used 130444K, capacity 134068K, committed 134220K, reserved 1167360K
  class space    used 16054K, capacity 17279K, committed 17280K, reserved 1048576K
}
Event: 1762.694 GC heap before
{Heap before GC invocations=77 (full 0):
 garbage-first heap   total 481280K, used 178960K [0x0000000080000000, 0x0000000100000000)
  region size 1024K, 54 young (55296K), 4 survivors (4096K)
 Metaspace       used 130564K, capacity 134203K, committed 134348K, reserved 1167360K
  class space    used 16064K, capacity 17297K, committed 17408K, reserved 1048576K
}
Event: 1762.718 GC heap after
{Heap after GC invocations=78 (full 0):
 garbage-first heap   total 481280K, used 129210K [0x0000000080000000, 0x0000000100000000)
  region size 1024K, 5 young (5120K), 5 survivors (5120K)
 Metaspace       used 130564K, capacity 134203K, committed 134348K, reserved 1167360K
  class space    used 16064K, capacity 17297K, committed 17408K, reserved 1048576K
}
Event: 1763.298 GC heap before
{Heap before GC invocations=79 (full 0):
 garbage-first heap   total 481280K, used 247994K [0x0000000080000000, 0x0000000100000000)
  region size 1024K, 108 young (110592K), 5 survivors (5120K)
 Metaspace       used 130567K, capacity 134203K, committed 134348K, reserved 1167360K
  class space    used 16064K, capacity 17297K, committed 17408K, reserved 1048576K
}
Event: 1763.733 GC heap after
{Heap after GC invocations=80 (full 0):
 garbage-first heap   total 481280K, used 177947K [0x0000000080000000, 0x0000000100000000)
  region size 1024K, 20 young (20480K), 20 survivors (20480K)
 Metaspace       used 130567K, capacity 134203K, committed 134348K, reserved 1167360K
  class space    used 16064K, capacity 17297K, committed 17408K, reserved 1048576K
}
Event: 1764.090 GC heap before
{Heap before GC invocations=81 (full 0):
 garbage-first heap   total 481280K, used 188187K [0x0000000080000000, 0x0000000100000000)
  region size 1024K, 29 young (29696K), 20 survivors (20480K)
 Metaspace       used 130568K, capacity 134204K, committed 134348K, reserved 1167360K
  class space    used 16064K, capacity 17297K, committed 17408K, reserved 1048576K
}
Event: 1764.399 GC heap after
{Heap after GC invocations=82 (full 0):
 garbage-first heap   total 481280K, used 184000K [0x0000000080000000, 0x0000000100000000)
  region size 1024K, 3 young (3072K), 3 survivors (3072K)
 Metaspace       used 130568K, capacity 134204K, committed 134348K, reserved 1167360K
  class space    used 16064K, capacity 17297K, committed 17408K, reserved 1048576K
}
Event: 1765.005 GC heap before
{Heap before GC invocations=83 (full 0):
 garbage-first heap   total 481280K, used 264896K [0x0000000080000000, 0x0000000100000000)
  region size 1024K, 75 young (76800K), 3 survivors (3072K)
 Metaspace       used 130569K, capacity 134204K, committed 134348K, reserved 1167360K
  class space    used 16064K, capacity 17297K, committed 17408K, reserved 1048576K
}
Event: 1765.020 GC heap after
{Heap after GC invocations=84 (full 0):
 garbage-first heap   total 481280K, used 201536K [0x0000000080000000, 0x0000000100000000)
  region size 1024K, 10 young (10240K), 10 survivors (10240K)
 Metaspace       used 130569K, capacity 134204K, committed 134348K, reserved 1167360K
  class space    used 16064K, capacity 17297K, committed 17408K, reserved 1048576K
}
Event: 1765.667 GC heap before
{Heap before GC invocations=84 (full 0):
 garbage-first heap   total 481280K, used 214848K [0x0000000080000000, 0x0000000100000000)
  region size 1024K, 23 young (23552K), 10 survivors (10240K)
 Metaspace       used 130599K, capacity 134216K, committed 134348K, reserved 1167360K
  class space    used 16066K, capacity 17301K, committed 17408K, reserved 1048576K
}
Event: 1765.681 GC heap after
{Heap after GC invocations=85 (full 0):
 garbage-first heap   total 481280K, used 181496K [0x0000000080000000, 0x0000000100000000)
  region size 1024K, 1 young (1024K), 1 survivors (1024K)
 Metaspace       used 130599K, capacity 134216K, committed 134348K, reserved 1167360K
  class space    used 16066K, capacity 17301K, committed 17408K, reserved 1048576K
}
Event: 1765.780 GC heap before
{Heap before GC invocations=85 (full 0):
 garbage-first heap   total 481280K, used 192760K [0x0000000080000000, 0x0000000100000000)
  region size 1024K, 13 young (13312K), 1 survivors (1024K)
 Metaspace       used 130599K, capacity 134216K, committed 134348K, reserved 1167360K
  class space    used 16066K, capacity 17301K, committed 17408K, reserved 1048576K
}
Event: 1765.784 GC heap after
{Heap after GC invocations=86 (full 0):
 garbage-first heap   total 481280K, used 181336K [0x0000000080000000, 0x0000000100000000)
  region size 1024K, 1 young (1024K), 1 survivors (1024K)
 Metaspace       used 130599K, capacity 134216K, committed 134348K, reserved 1167360K
  class space    used 16066K, capacity 17301K, committed 17408K, reserved 1048576K
}

